<?xml version="1.0" encoding="UTF-8"?>
<!-- Generated by org.testng.reporters.JUnitReportReporter -->
<testsuite hostname="LAPTOP-259GENKD" failures="0" tests="1" name="Orangehrmtest.logintest" time="3.859" errors="0" timestamp="2025-09-14T14:39:22 IST" skipped="0">
  <testcase classname="Orangehrmtest.logintest" name="loginwithvalidetails" time="3.859"/>
</testsuite> <!-- Orangehrmtest.logintest -->
