<?xml version="1.0" encoding="UTF-8"?>
<!-- Generated by org.testng.reporters.JUnitReportReporter -->
<testsuite hostname="LAPTOP-259GENKD" failures="0" tests="1" name="Orangehrmtest.homepagetest" time="3.473" errors="0" timestamp="2025-09-05T15:22:00 IST" skipped="0">
  <testcase classname="Orangehrmtest.homepagetest" name="testlogout" time="3.473"/>
</testsuite> <!-- Orangehrmtest.homepagetest -->
