<?xml version="1.0" encoding="UTF-8"?>
<!-- Generated by org.testng.reporters.JUnitReportReporter -->
<testsuite hostname="LAPTOP-259GENKD" failures="0" tests="3" name="Maventest.saucelabtest" time="79.484" errors="0" timestamp="2025-08-31T16:52:22 IST" skipped="0">
  <testcase classname="Maventest.saucelabtest" name="LoginApp" time="10.295"/>
  <testcase classname="Maventest.saucelabtest" name="searchUser" time="3.769"/>
  <testcase classname="Maventest.saucelabtest" name="logout" time="65.420"/>
</testsuite> <!-- Maventest.saucelabtest -->
