<?xml version="1.0" encoding="UTF-8"?>
<!-- Generated by org.testng.reporters.JUnitReportReporter -->
<testsuite hostname="LAPTOP-259GENKD" failures="0" tests="1" name="Orangehrmtest.logintest" time="2.973" errors="0" timestamp="2025-09-05T15:22:00 IST" skipped="0">
  <testcase classname="Orangehrmtest.logintest" name="loginwithvalidetails" time="2.973"/>
</testsuite> <!-- Orangehrmtest.logintest -->
