<?xml version="1.0" encoding="UTF-8"?>
<!-- Generated by org.testng.reporters.JUnitReportReporter -->
<testsuite hostname="LAPTOP-259GENKD" failures="0" tests="3" name="Maventest.firsttest" time="10.625" errors="0" timestamp="2025-08-31T14:41:16 IST" skipped="0">
  <testcase classname="Maventest.firsttest" name="LoginApp" time="5.234"/>
  <testcase classname="Maventest.firsttest" name="searchUser" time="3.669"/>
  <testcase classname="Maventest.firsttest" name="logout" time="1.722"/>
</testsuite> <!-- Maventest.firsttest -->
